[2021-11-11T03:39:53.521124+00:00] main.INFO: Starting session {"session":"24609d88a25bcde70193084c1504d048","user":"asdf","class":"loginhandler.php"} []
[2021-11-11T03:39:53.524236+00:00] main.DEBUG: Creating LoginService {"session":"24609d88a25bcde70193084c1504d048","class":"LoginService","method":"construct"} []
[2021-11-11T03:39:53.525811+00:00] main.DEBUG: Creating database object {"session":"24609d88a25bcde70193084c1504d048","class":"Database","method":"construct"} []
[2021-11-11T03:39:53.525973+00:00] main.DEBUG: Validating Login {"session":"24609d88a25bcde70193084c1504d048","Login":"asdf","class":"LoginService","method":"validateLogin"} []
[2021-11-11T03:39:53.537884+00:00] main.DEBUG: Creating LoginDAO {"session":"24609d88a25bcde70193084c1504d048","class":"LoginDAO","method":"construct"} []
[2021-11-11T03:39:53.547801+00:00] main.DEBUG: Retrieving user id {"session":"24609d88a25bcde70193084c1504d048","Login":"asdf","class":"LoginService","method":"getUserId"} []
[2021-11-11T03:39:53.558486+00:00] main.DEBUG: Creating LoginDAO {"session":"24609d88a25bcde70193084c1504d048","class":"LoginDAO","method":"construct"} []
[2021-11-11T03:39:53.559401+00:00] main.DEBUG: Retrieving user name {"session":"24609d88a25bcde70193084c1504d048","userid":"37","class":"LoginService","method":"getUserName"} []
[2021-11-11T03:39:53.569488+00:00] main.DEBUG: Creating LoginDAO {"session":"24609d88a25bcde70193084c1504d048","class":"LoginDAO","method":"construct"} []
[2021-11-11T03:39:53.570454+00:00] main.INFO: Authentication Success {"user":"asdf","class":"loginhandler.php"} []
[2021-11-11T03:39:53.583391+00:00] main.DEBUG: Creating Secrets Service {"session":"24609d88a25bcde70193084c1504d048","class":"SecretService","method":"construct"} []
[2021-11-11T03:39:53.585587+00:00] main.DEBUG: Creating database object {"session":"24609d88a25bcde70193084c1504d048","class":"Database","method":"construct"} []
[2021-11-11T03:39:53.585744+00:00] main.DEBUG: Retrieving a secret {"session":"24609d88a25bcde70193084c1504d048","user":37,"Location":"SecretsService.php","class":"SecretService","method":"getSecrets"} []
[2021-11-11T03:39:53.586983+00:00] main.DEBUG: Creating SecretsDAO {"session":"24609d88a25bcde70193084c1504d048","class":"SecretsDAO","method":"construct"} []
[2021-11-11T03:39:55.530333+00:00] main.INFO: Session close {"session":"24609d88a25bcde70193084c1504d048","class":"logout.php"} []
[2021-11-11T03:40:06.066157+00:00] main.INFO: Starting session {"session":"24609d88a25bcde70193084c1504d048","user":"qwer","class":"loginhandler.php"} []
[2021-11-11T03:40:06.067761+00:00] main.DEBUG: Creating LoginService {"session":"24609d88a25bcde70193084c1504d048","class":"LoginService","method":"construct"} []
[2021-11-11T03:40:06.068446+00:00] main.DEBUG: Creating database object {"session":"24609d88a25bcde70193084c1504d048","class":"Database","method":"construct"} []
[2021-11-11T03:40:06.068604+00:00] main.DEBUG: Validating Login {"session":"24609d88a25bcde70193084c1504d048","Login":"qwer","class":"LoginService","method":"validateLogin"} []
[2021-11-11T03:40:06.079899+00:00] main.DEBUG: Creating LoginDAO {"session":"24609d88a25bcde70193084c1504d048","class":"LoginDAO","method":"construct"} []
[2021-11-11T03:40:06.081366+00:00] main.DEBUG: Retrieving user id {"session":"24609d88a25bcde70193084c1504d048","Login":"qwer","class":"LoginService","method":"getUserId"} []
[2021-11-11T03:40:06.092568+00:00] main.DEBUG: Creating LoginDAO {"session":"24609d88a25bcde70193084c1504d048","class":"LoginDAO","method":"construct"} []
[2021-11-11T03:40:06.093637+00:00] main.DEBUG: Retrieving user name {"session":"24609d88a25bcde70193084c1504d048","userid":"38","class":"LoginService","method":"getUserName"} []
[2021-11-11T03:40:06.104348+00:00] main.DEBUG: Creating LoginDAO {"session":"24609d88a25bcde70193084c1504d048","class":"LoginDAO","method":"construct"} []
[2021-11-11T03:40:06.106216+00:00] main.INFO: Authentication Success {"user":"qwer","class":"loginhandler.php"} []
[2021-11-11T03:40:06.117484+00:00] main.DEBUG: Creating Secrets Service {"session":"24609d88a25bcde70193084c1504d048","class":"SecretService","method":"construct"} []
[2021-11-11T03:40:06.119845+00:00] main.DEBUG: Creating database object {"session":"24609d88a25bcde70193084c1504d048","class":"Database","method":"construct"} []
[2021-11-11T03:40:06.120003+00:00] main.DEBUG: Retrieving a secret {"session":"24609d88a25bcde70193084c1504d048","user":38,"Location":"SecretsService.php","class":"SecretService","method":"getSecrets"} []
[2021-11-11T03:40:06.120701+00:00] main.DEBUG: Creating SecretsDAO {"session":"24609d88a25bcde70193084c1504d048","class":"SecretsDAO","method":"construct"} []
[2021-11-11T03:40:07.889287+00:00] main.INFO: Session close {"session":"24609d88a25bcde70193084c1504d048","class":"logout.php"} []
[2021-11-11T03:40:33.385023+00:00] main.INFO: Starting session {"session":"24609d88a25bcde70193084c1504d048","user":"qwer","class":"loginhandler.php"} []
[2021-11-11T03:40:33.386976+00:00] main.DEBUG: Creating LoginService {"session":"24609d88a25bcde70193084c1504d048","class":"LoginService","method":"construct"} []
[2021-11-11T03:40:33.387690+00:00] main.DEBUG: Creating database object {"session":"24609d88a25bcde70193084c1504d048","class":"Database","method":"construct"} []
[2021-11-11T03:40:33.387845+00:00] main.DEBUG: Validating Login {"session":"24609d88a25bcde70193084c1504d048","Login":"qwer","class":"LoginService","method":"validateLogin"} []
[2021-11-11T03:40:33.399554+00:00] main.DEBUG: Creating LoginDAO {"session":"24609d88a25bcde70193084c1504d048","class":"LoginDAO","method":"construct"} []
[2021-11-11T03:40:33.404287+00:00] main.DEBUG: Retrieving user id {"session":"24609d88a25bcde70193084c1504d048","Login":"qwer","class":"LoginService","method":"getUserId"} []
[2021-11-11T03:40:33.414989+00:00] main.DEBUG: Creating LoginDAO {"session":"24609d88a25bcde70193084c1504d048","class":"LoginDAO","method":"construct"} []
[2021-11-11T03:40:33.417650+00:00] main.DEBUG: Retrieving user name {"session":"24609d88a25bcde70193084c1504d048","userid":"38","class":"LoginService","method":"getUserName"} []
[2021-11-11T03:40:33.428107+00:00] main.DEBUG: Creating LoginDAO {"session":"24609d88a25bcde70193084c1504d048","class":"LoginDAO","method":"construct"} []
[2021-11-11T03:40:33.429057+00:00] main.INFO: Authentication Success {"user":"qwer","class":"loginhandler.php"} []
[2021-11-11T03:40:33.440316+00:00] main.DEBUG: Creating Secrets Service {"session":"24609d88a25bcde70193084c1504d048","class":"SecretService","method":"construct"} []
[2021-11-11T03:40:33.441931+00:00] main.DEBUG: Creating database object {"session":"24609d88a25bcde70193084c1504d048","class":"Database","method":"construct"} []
[2021-11-11T03:40:33.442087+00:00] main.DEBUG: Retrieving a secret {"session":"24609d88a25bcde70193084c1504d048","user":38,"Location":"SecretsService.php","class":"SecretService","method":"getSecrets"} []
[2021-11-11T03:40:33.442784+00:00] main.DEBUG: Creating SecretsDAO {"session":"24609d88a25bcde70193084c1504d048","class":"SecretsDAO","method":"construct"} []
[2021-11-11T03:40:34.963706+00:00] main.INFO: Session close {"session":"24609d88a25bcde70193084c1504d048","class":"logout.php"} []
